0 info it worked if it ends with ok
1 verbose cli [ '/usr/bin/node', '/usr/bin/npm', 'start' ]
2 info using npm@3.5.2
3 info using node@v8.10.0
4 verbose run-script [ 'prestart', 'start', 'poststart' ]
5 info lifecycle fcc-infosec-challenges@0.0.1~prestart: fcc-infosec-challenges@0.0.1
6 silly lifecycle fcc-infosec-challenges@0.0.1~prestart: no script for prestart, continuing
7 info lifecycle fcc-infosec-challenges@0.0.1~start: fcc-infosec-challenges@0.0.1
8 verbose lifecycle fcc-infosec-challenges@0.0.1~start: unsafe-perm in lifecycle true
9 verbose lifecycle fcc-infosec-challenges@0.0.1~start: PATH: /usr/share/npm/bin/node-gyp-bin:/home/johns/Documents/scripts/securitylearning/node_modules/.bin:/home/johns/miniconda3/bin:/home/johns/miniconda3/condabin:/home/johns/bin:/usr/local/sbin:/usr/local/bin:/usr/sbin:/usr/bin:/sbin:/bin:/usr/games:/usr/local/games:/snap/bin:/home/johns/Documents/scripts:/home/johns/Documents/scripts/node-v12.16.1-linux-x64/bin/
10 verbose lifecycle fcc-infosec-challenges@0.0.1~start: CWD: /home/johns/Documents/scripts/securitylearning
11 silly lifecycle fcc-infosec-challenges@0.0.1~start: Args: [ '-c', 'node myApp.js' ]
12 silly lifecycle fcc-infosec-challenges@0.0.1~start: Returned: code: 1  signal: null
13 info lifecycle fcc-infosec-challenges@0.0.1~start: Failed to exec start script
14 verbose stack Error: fcc-infosec-challenges@0.0.1 start: `node myApp.js`
14 verbose stack Exit status 1
14 verbose stack     at EventEmitter.<anonymous> (/usr/share/npm/lib/utils/lifecycle.js:232:16)
14 verbose stack     at emitTwo (events.js:126:13)
14 verbose stack     at EventEmitter.emit (events.js:214:7)
14 verbose stack     at ChildProcess.<anonymous> (/usr/share/npm/lib/utils/spawn.js:24:14)
14 verbose stack     at emitTwo (events.js:126:13)
14 verbose stack     at ChildProcess.emit (events.js:214:7)
14 verbose stack     at maybeClose (internal/child_process.js:925:16)
14 verbose stack     at Process.ChildProcess._handle.onexit (internal/child_process.js:209:5)
15 verbose pkgid fcc-infosec-challenges@0.0.1
16 verbose cwd /home/johns/Documents/scripts/securitylearning
17 error Linux 4.15.0-147-generic
18 error argv "/usr/bin/node" "/usr/bin/npm" "start"
19 error node v8.10.0
20 error npm  v3.5.2
21 error code ELIFECYCLE
22 error fcc-infosec-challenges@0.0.1 start: `node myApp.js`
22 error Exit status 1
23 error Failed at the fcc-infosec-challenges@0.0.1 start script 'node myApp.js'.
23 error Make sure you have the latest version of node.js and npm installed.
23 error If you do, this is most likely a problem with the fcc-infosec-challenges package,
23 error not with npm itself.
23 error Tell the author that this fails on your system:
23 error     node myApp.js
23 error You can get information on how to open an issue for this project with:
23 error     npm bugs fcc-infosec-challenges
23 error Or if that isn't available, you can get their info via:
23 error     npm owner ls fcc-infosec-challenges
23 error There is likely additional logging output above.
24 verbose exit [ 1, true ]
